[17-Nov-2021 14:36:50 -0700]: <602fc0ee> In migration: 0000-dbinit
[17-Nov-2021 14:36:50 -0700]: <602fc0ee> Found 7 matches
[17-Nov-2021 14:36:50 -0700]: <602fc0ee> In migration: 0000-sample
[17-Nov-2021 14:36:50 -0700]: <602fc0ee> Found 1 matches
[17-Nov-2021 14:36:50 -0700]: <602fc0ee> In migration: 0001-categories
[17-Nov-2021 14:36:50 -0700]: <602fc0ee> Found 1 matches
[17-Nov-2021 14:36:50 -0700]: <602fc0ee> In migration: 0002-increasetextfieldlengths
[17-Nov-2021 14:36:50 -0700]: <602fc0ee> Found 7 matches
[17-Nov-2021 14:36:50 -0700]: <602fc0ee> In migration: 0003-fixtimestampdefaultvalue
[17-Nov-2021 14:36:50 -0700]: <602fc0ee> Found 1 matches
[17-Nov-2021 14:36:50 -0700]: <602fc0ee> In migration: 0004-fixtimestampdefaultvalue
[17-Nov-2021 14:36:50 -0700]: <602fc0ee> Found 1 matches
[17-Nov-2021 14:36:50 -0700]: <602fc0ee> In migration: 0005-changemysqlut8toutf8mb4
[17-Nov-2021 14:36:50 -0700]: <602fc0ee> Found 1 matches
[18-Jul-2022 12:17:16 -0600]: <e0deb583> In migration: 0000-dbinit
[18-Jul-2022 12:17:16 -0600]: <e0deb583> Found 7 matches
[18-Jul-2022 12:17:16 -0600]: <e0deb583> In migration: 0000-sample
[18-Jul-2022 12:17:16 -0600]: <e0deb583> Found 1 matches
[18-Jul-2022 12:17:16 -0600]: <e0deb583> In migration: 0001-categories
[18-Jul-2022 12:17:16 -0600]: <e0deb583> Found 1 matches
[18-Jul-2022 12:17:16 -0600]: <e0deb583> In migration: 0002-increasetextfieldlengths
[18-Jul-2022 12:17:16 -0600]: <e0deb583> Found 7 matches
[18-Jul-2022 12:17:16 -0600]: <e0deb583> In migration: 0003-fixtimestampdefaultvalue
[18-Jul-2022 12:17:16 -0600]: <e0deb583> Found 1 matches
[18-Jul-2022 12:17:16 -0600]: <e0deb583> In migration: 0004-fixtimestampdefaultvalue
[18-Jul-2022 12:17:16 -0600]: <e0deb583> Found 1 matches
[18-Jul-2022 12:17:16 -0600]: <e0deb583> In migration: 0005-changemysqlut8toutf8mb4
[18-Jul-2022 12:17:16 -0600]: <e0deb583> Found 1 matches
[12-Aug-2022 13:14:44 -0600]: <16e8e36c> In migration: 0000-dbinit
[12-Aug-2022 13:14:44 -0600]: <16e8e36c> Found 7 matches
[12-Aug-2022 13:14:44 -0600]: <16e8e36c> In migration: 0000-sample
[12-Aug-2022 13:14:44 -0600]: <16e8e36c> Found 1 matches
[12-Aug-2022 13:14:44 -0600]: <16e8e36c> In migration: 0001-categories
[12-Aug-2022 13:14:44 -0600]: <16e8e36c> Found 1 matches
[12-Aug-2022 13:14:44 -0600]: <16e8e36c> In migration: 0002-increasetextfieldlengths
[12-Aug-2022 13:14:44 -0600]: <16e8e36c> Found 7 matches
[12-Aug-2022 13:14:44 -0600]: <16e8e36c> In migration: 0003-fixtimestampdefaultvalue
[12-Aug-2022 13:14:44 -0600]: <16e8e36c> Found 1 matches
[12-Aug-2022 13:14:44 -0600]: <16e8e36c> In migration: 0004-fixtimestampdefaultvalue
[12-Aug-2022 13:14:44 -0600]: <16e8e36c> Found 1 matches
[12-Aug-2022 13:14:44 -0600]: <16e8e36c> In migration: 0005-changemysqlut8toutf8mb4
[12-Aug-2022 13:14:44 -0600]: <16e8e36c> Found 1 matches
[04-Nov-2022 12:57:30 -0600]: <dc423b9d> In migration: 0000-dbinit
[04-Nov-2022 12:57:30 -0600]: <dc423b9d> Found 7 matches
[04-Nov-2022 12:57:30 -0600]: <dc423b9d> In migration: 0000-sample
[04-Nov-2022 12:57:30 -0600]: <dc423b9d> Found 1 matches
[04-Nov-2022 12:57:30 -0600]: <dc423b9d> In migration: 0001-categories
[04-Nov-2022 12:57:30 -0600]: <dc423b9d> Found 1 matches
[04-Nov-2022 12:57:30 -0600]: <dc423b9d> In migration: 0002-increasetextfieldlengths
[04-Nov-2022 12:57:30 -0600]: <dc423b9d> Found 7 matches
[04-Nov-2022 12:57:30 -0600]: <dc423b9d> In migration: 0003-fixtimestampdefaultvalue
[04-Nov-2022 12:57:30 -0600]: <dc423b9d> Found 1 matches
[04-Nov-2022 12:57:30 -0600]: <dc423b9d> In migration: 0004-fixtimestampdefaultvalue
[04-Nov-2022 12:57:30 -0600]: <dc423b9d> Found 1 matches
[04-Nov-2022 12:57:30 -0600]: <dc423b9d> In migration: 0005-changemysqlut8toutf8mb4
[04-Nov-2022 12:57:30 -0600]: <dc423b9d> Found 1 matches
[08-Nov-2022 15:35:02 -0700]: <c0fdaba0> In migration: 0000-dbinit
[08-Nov-2022 15:35:02 -0700]: <c0fdaba0> Found 7 matches
[08-Nov-2022 15:35:02 -0700]: <c0fdaba0> In migration: 0000-sample
[08-Nov-2022 15:35:02 -0700]: <c0fdaba0> Found 1 matches
[08-Nov-2022 15:35:02 -0700]: <c0fdaba0> In migration: 0001-categories
[08-Nov-2022 15:35:02 -0700]: <c0fdaba0> Found 1 matches
[08-Nov-2022 15:35:02 -0700]: <c0fdaba0> In migration: 0002-increasetextfieldlengths
[08-Nov-2022 15:35:02 -0700]: <c0fdaba0> Found 7 matches
[08-Nov-2022 15:35:02 -0700]: <c0fdaba0> In migration: 0003-fixtimestampdefaultvalue
[08-Nov-2022 15:35:02 -0700]: <c0fdaba0> Found 1 matches
[08-Nov-2022 15:35:02 -0700]: <c0fdaba0> In migration: 0004-fixtimestampdefaultvalue
[08-Nov-2022 15:35:02 -0700]: <c0fdaba0> Found 1 matches
[08-Nov-2022 15:35:02 -0700]: <c0fdaba0> In migration: 0005-changemysqlut8toutf8mb4
[08-Nov-2022 15:35:02 -0700]: <c0fdaba0> Found 1 matches
[16-Dec-2022 20:14:55 -0700]: <525c0b7f> In migration: 0000-dbinit
[16-Dec-2022 20:14:55 -0700]: <525c0b7f> Found 7 matches
[16-Dec-2022 20:14:55 -0700]: <525c0b7f> In migration: 0000-sample
[16-Dec-2022 20:14:55 -0700]: <525c0b7f> Found 1 matches
[16-Dec-2022 20:14:55 -0700]: <525c0b7f> In migration: 0001-categories
[16-Dec-2022 20:14:55 -0700]: <525c0b7f> Found 1 matches
[16-Dec-2022 20:14:55 -0700]: <525c0b7f> In migration: 0002-increasetextfieldlengths
[16-Dec-2022 20:14:55 -0700]: <525c0b7f> Found 7 matches
[16-Dec-2022 20:14:55 -0700]: <525c0b7f> In migration: 0003-fixtimestampdefaultvalue
[16-Dec-2022 20:14:55 -0700]: <525c0b7f> Found 1 matches
[16-Dec-2022 20:14:55 -0700]: <525c0b7f> In migration: 0004-fixtimestampdefaultvalue
[16-Dec-2022 20:14:55 -0700]: <525c0b7f> Found 1 matches
[16-Dec-2022 20:14:55 -0700]: <525c0b7f> In migration: 0005-changemysqlut8toutf8mb4
[16-Dec-2022 20:14:55 -0700]: <525c0b7f> Found 1 matches
[09-Feb-2023 11:41:10 -0700]: <f07fdc79> In migration: 0000-dbinit
[09-Feb-2023 11:41:10 -0700]: <f07fdc79> Found 7 matches
[09-Feb-2023 11:41:10 -0700]: <f07fdc79> In migration: 0000-sample
[09-Feb-2023 11:41:10 -0700]: <f07fdc79> Found 1 matches
[09-Feb-2023 11:41:10 -0700]: <f07fdc79> In migration: 0001-categories
[09-Feb-2023 11:41:10 -0700]: <f07fdc79> Found 1 matches
[09-Feb-2023 11:41:10 -0700]: <f07fdc79> In migration: 0002-increasetextfieldlengths
[09-Feb-2023 11:41:10 -0700]: <f07fdc79> Found 7 matches
[09-Feb-2023 11:41:10 -0700]: <f07fdc79> In migration: 0003-fixtimestampdefaultvalue
[09-Feb-2023 11:41:10 -0700]: <f07fdc79> Found 1 matches
[09-Feb-2023 11:41:10 -0700]: <f07fdc79> In migration: 0004-fixtimestampdefaultvalue
[09-Feb-2023 11:41:10 -0700]: <f07fdc79> Found 1 matches
[09-Feb-2023 11:41:10 -0700]: <f07fdc79> In migration: 0005-changemysqlut8toutf8mb4
[09-Feb-2023 11:41:10 -0700]: <f07fdc79> Found 1 matches
[13-Mar-2023 20:53:50 -0600]: <7b8b6ab9> In migration: 0000-dbinit
[13-Mar-2023 20:53:50 -0600]: <7b8b6ab9> Found 7 matches
[13-Mar-2023 20:53:50 -0600]: <7b8b6ab9> In migration: 0000-sample
[13-Mar-2023 20:53:50 -0600]: <7b8b6ab9> Found 1 matches
[13-Mar-2023 20:53:50 -0600]: <7b8b6ab9> In migration: 0001-categories
[13-Mar-2023 20:53:50 -0600]: <7b8b6ab9> Found 1 matches
[13-Mar-2023 20:53:51 -0600]: <7b8b6ab9> In migration: 0002-increasetextfieldlengths
[13-Mar-2023 20:53:51 -0600]: <7b8b6ab9> Found 7 matches
[13-Mar-2023 20:53:51 -0600]: <7b8b6ab9> In migration: 0003-fixtimestampdefaultvalue
[13-Mar-2023 20:53:51 -0600]: <7b8b6ab9> Found 1 matches
[13-Mar-2023 20:53:51 -0600]: <7b8b6ab9> In migration: 0004-fixtimestampdefaultvalue
[13-Mar-2023 20:53:51 -0600]: <7b8b6ab9> Found 1 matches
[13-Mar-2023 20:53:51 -0600]: <7b8b6ab9> In migration: 0005-changemysqlut8toutf8mb4
[13-Mar-2023 20:53:51 -0600]: <7b8b6ab9> Found 1 matches
[03-May-2023 18:18:46 -0600]: <40ff0323> In migration: 0000-dbinit
[03-May-2023 18:18:46 -0600]: <40ff0323> Found 7 matches
[03-May-2023 18:18:46 -0600]: <40ff0323> In migration: 0000-sample
[03-May-2023 18:18:46 -0600]: <40ff0323> Found 1 matches
[03-May-2023 18:18:46 -0600]: <40ff0323> In migration: 0001-categories
[03-May-2023 18:18:46 -0600]: <40ff0323> Found 1 matches
[03-May-2023 18:18:46 -0600]: <40ff0323> In migration: 0002-increasetextfieldlengths
[03-May-2023 18:18:46 -0600]: <40ff0323> Found 7 matches
[03-May-2023 18:18:46 -0600]: <40ff0323> In migration: 0003-fixtimestampdefaultvalue
[03-May-2023 18:18:46 -0600]: <40ff0323> Found 1 matches
[03-May-2023 18:18:46 -0600]: <40ff0323> In migration: 0004-fixtimestampdefaultvalue
[03-May-2023 18:18:46 -0600]: <40ff0323> Found 1 matches
[03-May-2023 18:18:46 -0600]: <40ff0323> In migration: 0005-changemysqlut8toutf8mb4
[03-May-2023 18:18:46 -0600]: <40ff0323> Found 1 matches
[01-Aug-2023 10:50:54 -0600]: <0ad38289> [5 ERR] Database::get (SELECT "filename" FROM carddav_migrations) ERROR: [1] no such table: carddav_migrations 
[09-Sep-2023 15:45:20 -0600]: <6bc5bbe4> [5 ERR] Database::get (SELECT "filename" FROM carddav_migrations) ERROR: [1] no such table: carddav_migrations 
[24-Sep-2023 16:21:51 -0600]: <08a1ef05> [5 ERR] Database::get (SELECT "filename" FROM carddav_migrations) ERROR: [1] no such table: carddav_migrations 
[25-Jan-2024 10:32:29 -0700]: <67c2f2d1> [5 ERR] Database::get (SELECT "filename" FROM carddav_migrations) ERROR: [1] no such table: carddav_migrations 
[26-Jan-2024 18:46:12 -0700]: <61dd1f81> [5 ERR] Database::get (SELECT "filename" FROM carddav_migrations) ERROR: [1] no such table: carddav_migrations 
