2022-11-03T19:33:52-06:00 ERR: HORDE [imp] Error running command: /usr/local/cpanel/3rdparty/bin/convert -size 0x0 xc:'white' -strip 'png':"/home3/fukupaco/tmp/horde/imgkmWwgN" 2>&1
sh: /usr/local/cpanel/3rdparty/bin/convert: そのようなファイルやディレクトリはありません [pid 213968 on line 657 of "/usr/local/cpanel/3rdparty/php/74/lib/php/Horde/Image/Im.php"]
2022-11-03T19:34:00-06:00 ERR: HORDE [imp] Error running command: /usr/local/cpanel/3rdparty/bin/convert -size 0x0 xc:'white' -strip 'png':"/home3/fukupaco/tmp/horde/imgNXW8zj" 2>&1
sh: /usr/local/cpanel/3rdparty/bin/convert: そのようなファイルやディレクトリはありません [pid 214263 on line 657 of "/usr/local/cpanel/3rdparty/php/74/lib/php/Horde/Image/Im.php"]
2022-11-03T19:34:00-06:00 ERR: HORDE [imp] Error running command: /usr/local/cpanel/3rdparty/bin/convert -size 300x300 "/home3/fukupaco/tmp/horde/imgfNuZbq"'[0]' -thumbnail 150x150 -strip 'png':"/home3/fukupaco/tmp/horde/imgQ5oyvt" 2>&1
sh: /usr/local/cpanel/3rdparty/bin/convert: そのようなファイルやディレクトリはありません [pid 214263 on line 208 of "/usr/local/cpanel/3rdparty/php/74/lib/php/Horde/Image/Im.php"]
2022-11-03T19:38:00-06:00 ERR: HORDE [imp] Error running command: /usr/local/cpanel/3rdparty/bin/convert -size 0x0 xc:'white' -strip 'png':"/home3/fukupaco/tmp/horde/imgGzhXl4" 2>&1
sh: /usr/local/cpanel/3rdparty/bin/convert: そのようなファイルやディレクトリはありません [pid 221794 on line 657 of "/usr/local/cpanel/3rdparty/php/74/lib/php/Horde/Image/Im.php"]
2022-11-03T19:38:00-06:00 ERR: HORDE [imp] Error running command: /usr/local/cpanel/3rdparty/bin/convert -size 0x0 xc:'white' -strip 'png':"/home3/fukupaco/tmp/horde/img49Liow" 2>&1
sh: /usr/local/cpanel/3rdparty/bin/convert: そのようなファイルやディレクトリはありません [pid 221805 on line 657 of "/usr/local/cpanel/3rdparty/php/74/lib/php/Horde/Image/Im.php"]
2022-11-03T19:38:00-06:00 ERR: HORDE [imp] Error running command: /usr/local/cpanel/3rdparty/bin/convert -size 300x300 "/home3/fukupaco/tmp/horde/img7RqhKb"'[0]' -thumbnail 150x150 -strip 'png':"/home3/fukupaco/tmp/horde/imgWQP2S4" 2>&1
sh: /usr/local/cpanel/3rdparty/bin/convert: そのようなファイルやディレクトリはありません [pid 221805 on line 208 of "/usr/local/cpanel/3rdparty/php/74/lib/php/Horde/Image/Im.php"]
2022-11-04T08:29:29-06:00 ERR: HORDE [imp] Error running command: /usr/local/cpanel/3rdparty/bin/convert -size 0x0 xc:'white' -strip 'png':"/home3/fukupaco/tmp/horde/img6R89kt" 2>&1
sh: /usr/local/cpanel/3rdparty/bin/convert: そのようなファイルやディレクトリはありません [pid 214499 on line 657 of "/usr/local/cpanel/3rdparty/php/74/lib/php/Horde/Image/Im.php"]
2022-11-04T08:29:30-06:00 ERR: HORDE [imp] Error running command: /usr/local/cpanel/3rdparty/bin/convert -size 0x0 xc:'white' -strip 'png':"/home3/fukupaco/tmp/horde/imgAkq8TD" 2>&1
sh: /usr/local/cpanel/3rdparty/bin/convert: そのようなファイルやディレクトリはありません [pid 214520 on line 657 of "/usr/local/cpanel/3rdparty/php/74/lib/php/Horde/Image/Im.php"]
2022-11-04T08:29:30-06:00 ERR: HORDE [imp] Error running command: /usr/local/cpanel/3rdparty/bin/convert -size 300x300 "/home3/fukupaco/tmp/horde/imgcInk9c"'[0]' -thumbnail 150x150 -strip 'png':"/home3/fukupaco/tmp/horde/imgMrQfMu" 2>&1
sh: /usr/local/cpanel/3rdparty/bin/convert: そのようなファイルやディレクトリはありません [pid 214520 on line 208 of "/usr/local/cpanel/3rdparty/php/74/lib/php/Horde/Image/Im.php"]
2022-11-04T08:29:53-06:00 ERR: HORDE [imp] Error running command: /usr/local/cpanel/3rdparty/bin/convert -size 0x0 xc:'white' -strip 'png':"/home3/fukupaco/tmp/horde/imgHLA2m8" 2>&1
sh: /usr/local/cpanel/3rdparty/bin/convert: そのようなファイルやディレクトリはありません [pid 215227 on line 657 of "/usr/local/cpanel/3rdparty/php/74/lib/php/Horde/Image/Im.php"]
2022-11-04T08:29:53-06:00 ERR: HORDE [imp] Error running command: /usr/local/cpanel/3rdparty/bin/convert -size 0x0 xc:'white' -strip 'png':"/home3/fukupaco/tmp/horde/imgVNhJpB" 2>&1
sh: /usr/local/cpanel/3rdparty/bin/convert: そのようなファイルやディレクトリはありません [pid 215248 on line 657 of "/usr/local/cpanel/3rdparty/php/74/lib/php/Horde/Image/Im.php"]
2022-11-04T08:29:53-06:00 ERR: HORDE [imp] Error running command: /usr/local/cpanel/3rdparty/bin/convert -size 300x300 "/home3/fukupaco/tmp/horde/imgzrDlp5"'[0]' -thumbnail 150x150 -strip 'png':"/home3/fukupaco/tmp/horde/imgdfLEqf" 2>&1
sh: /usr/local/cpanel/3rdparty/bin/convert: そのようなファイルやディレクトリはありません [pid 215248 on line 208 of "/usr/local/cpanel/3rdparty/php/74/lib/php/Horde/Image/Im.php"]
